running develop
running egg_info
writing mrta_simulation.egg-info/PKG-INFO
writing dependency_links to mrta_simulation.egg-info/dependency_links.txt
writing entry points to mrta_simulation.egg-info/entry_points.txt
writing requirements to mrta_simulation.egg-info/requires.txt
writing top-level names to mrta_simulation.egg-info/top_level.txt
reading manifest file 'mrta_simulation.egg-info/SOURCES.txt'
writing manifest file 'mrta_simulation.egg-info/SOURCES.txt'
running build_ext
Creating /home/sohamk3901/mrta_ws/install/mrta_simulation/lib/python3.12/site-packages/mrta-simulation.egg-link (link to .)
Installing manual_task_commander script to /home/sohamk3901/mrta_ws/install/mrta_simulation/lib/mrta_simulation
Installing robot_controller script to /home/sohamk3901/mrta_ws/install/mrta_simulation/lib/mrta_simulation
Installing spawn_scenario script to /home/sohamk3901/mrta_ws/install/mrta_simulation/lib/mrta_simulation

Installed /home/sohamk3901/mrta_ws/build/mrta_simulation
running symlink_data
symbolically linking /home/sohamk3901/mrta_ws/build/mrta_simulation/resource/mrta_simulation -> /home/sohamk3901/mrta_ws/install/mrta_simulation/share/ament_index/resource_index/packages
symbolically linking /home/sohamk3901/mrta_ws/build/mrta_simulation/package.xml -> /home/sohamk3901/mrta_ws/install/mrta_simulation/share/mrta_simulation
symbolically linking /home/sohamk3901/mrta_ws/build/mrta_simulation/launch/robot_controllers.launch.py -> /home/sohamk3901/mrta_ws/install/mrta_simulation/share/mrta_simulation/launch
symbolically linking /home/sohamk3901/mrta_ws/build/mrta_simulation/launch/test_launch.py -> /home/sohamk3901/mrta_ws/install/mrta_simulation/share/mrta_simulation/launch
symbolically linking /home/sohamk3901/mrta_ws/build/mrta_simulation/worlds/simple_world.sdf -> /home/sohamk3901/mrta_ws/install/mrta_simulation/share/mrta_simulation/worlds
symbolically linking /home/sohamk3901/mrta_ws/build/mrta_simulation/worlds/test_robot.sdf -> /home/sohamk3901/mrta_ws/install/mrta_simulation/share/mrta_simulation/worlds
symbolically linking /home/sohamk3901/mrta_ws/build/mrta_simulation/config/scenario_simple.yaml -> /home/sohamk3901/mrta_ws/install/mrta_simulation/share/mrta_simulation/config
symbolically linking /home/sohamk3901/mrta_ws/build/mrta_simulation/models/depot_marker/model.config -> /home/sohamk3901/mrta_ws/install/mrta_simulation/share/mrta_simulation/models/depot_marker
symbolically linking /home/sohamk3901/mrta_ws/build/mrta_simulation/models/depot_marker/model.sdf -> /home/sohamk3901/mrta_ws/install/mrta_simulation/share/mrta_simulation/models/depot_marker
symbolically linking /home/sohamk3901/mrta_ws/build/mrta_simulation/models/task_marker/model.config -> /home/sohamk3901/mrta_ws/install/mrta_simulation/share/mrta_simulation/models/task_marker
symbolically linking /home/sohamk3901/mrta_ws/build/mrta_simulation/models/task_marker/model.sdf -> /home/sohamk3901/mrta_ws/install/mrta_simulation/share/mrta_simulation/models/task_marker
symbolically linking /home/sohamk3901/mrta_ws/build/mrta_simulation/models/simple_turtlebot/model.config -> /home/sohamk3901/mrta_ws/install/mrta_simulation/share/mrta_simulation/models/simple_turtlebot
symbolically linking /home/sohamk3901/mrta_ws/build/mrta_simulation/models/simple_turtlebot/model.sdf -> /home/sohamk3901/mrta_ws/install/mrta_simulation/share/mrta_simulation/models/simple_turtlebot
symbolically linking /home/sohamk3901/mrta_ws/build/mrta_simulation/models/simple_quadrotor/model.config -> /home/sohamk3901/mrta_ws/install/mrta_simulation/share/mrta_simulation/models/simple_quadrotor
symbolically linking /home/sohamk3901/mrta_ws/build/mrta_simulation/models/simple_quadrotor/model.sdf -> /home/sohamk3901/mrta_ws/install/mrta_simulation/share/mrta_simulation/models/simple_quadrotor
symbolically linking /home/sohamk3901/mrta_ws/build/mrta_simulation/models/short_obstacle/model.config -> /home/sohamk3901/mrta_ws/install/mrta_simulation/share/mrta_simulation/models/short_obstacle
symbolically linking /home/sohamk3901/mrta_ws/build/mrta_simulation/models/short_obstacle/model.sdf -> /home/sohamk3901/mrta_ws/install/mrta_simulation/share/mrta_simulation/models/short_obstacle
symbolically linking /home/sohamk3901/mrta_ws/build/mrta_simulation/models/tall_obstacle/model.config -> /home/sohamk3901/mrta_ws/install/mrta_simulation/share/mrta_simulation/models/tall_obstacle
symbolically linking /home/sohamk3901/mrta_ws/build/mrta_simulation/models/tall_obstacle/model.sdf -> /home/sohamk3901/mrta_ws/install/mrta_simulation/share/mrta_simulation/models/tall_obstacle
