[1.179s] Invoking command in '/home/sohamk3901/mrta_ws/src/mrta_simulation': PYTHONPATH=/home/sohamk3901/mrta_ws/build/mrta_simulation/prefix_override:/usr/lib/python3/dist-packages/colcon_core/task/python/colcon_distutils_commands:/home/sohamk3901/mrta_ws/install/mrta_simulation/lib/python3.12/site-packages:${PYTHONPATH} /usr/bin/python3 -W ignore:setup.py install is deprecated -W ignore:easy_install command is deprecated setup.py egg_info --egg-base ../../build/mrta_simulation build --build-base /home/sohamk3901/mrta_ws/build/mrta_simulation/build install --record /home/sohamk3901/mrta_ws/build/mrta_simulation/install.log --single-version-externally-managed install_data
[1.374s] running egg_info
[1.388s] writing ../../build/mrta_simulation/mrta_simulation.egg-info/PKG-INFO
[1.388s] writing dependency_links to ../../build/mrta_simulation/mrta_simulation.egg-info/dependency_links.txt
[1.389s] writing entry points to ../../build/mrta_simulation/mrta_simulation.egg-info/entry_points.txt
[1.389s] writing requirements to ../../build/mrta_simulation/mrta_simulation.egg-info/requires.txt
[1.389s] writing top-level names to ../../build/mrta_simulation/mrta_simulation.egg-info/top_level.txt
[1.416s] reading manifest file '../../build/mrta_simulation/mrta_simulation.egg-info/SOURCES.txt'
[1.417s] writing manifest file '../../build/mrta_simulation/mrta_simulation.egg-info/SOURCES.txt'
[1.418s] running build
[1.418s] running build_py
[1.418s] copying mrta_simulation/manual_task_commander2.py -> /home/sohamk3901/mrta_ws/build/mrta_simulation/build/lib/mrta_simulation
[1.418s] running install
[1.423s] running install_lib
[1.437s] copying /home/sohamk3901/mrta_ws/build/mrta_simulation/build/lib/mrta_simulation/manual_task_commander2.py -> /home/sohamk3901/mrta_ws/install/mrta_simulation/lib/python3.12/site-packages/mrta_simulation
[1.438s] byte-compiling /home/sohamk3901/mrta_ws/install/mrta_simulation/lib/python3.12/site-packages/mrta_simulation/manual_task_commander2.py to manual_task_commander2.cpython-312.pyc
[1.441s] running install_data
[1.441s] running install_egg_info
[1.458s] removing '/home/sohamk3901/mrta_ws/install/mrta_simulation/lib/python3.12/site-packages/mrta_simulation-0.0.1-py3.12.egg-info' (and everything under it)
[1.458s] Copying ../../build/mrta_simulation/mrta_simulation.egg-info to /home/sohamk3901/mrta_ws/install/mrta_simulation/lib/python3.12/site-packages/mrta_simulation-0.0.1-py3.12.egg-info
[1.459s] running install_scripts
[1.555s] Installing manual_task_commander script to /home/sohamk3901/mrta_ws/install/mrta_simulation/lib/mrta_simulation
[1.555s] Installing robot_controller script to /home/sohamk3901/mrta_ws/install/mrta_simulation/lib/mrta_simulation
[1.555s] Installing spawn_scenario script to /home/sohamk3901/mrta_ws/install/mrta_simulation/lib/mrta_simulation
[1.557s] writing list of installed files to '/home/sohamk3901/mrta_ws/build/mrta_simulation/install.log'
[1.580s] Invoked command in '/home/sohamk3901/mrta_ws/src/mrta_simulation' returned '0': PYTHONPATH=/home/sohamk3901/mrta_ws/build/mrta_simulation/prefix_override:/usr/lib/python3/dist-packages/colcon_core/task/python/colcon_distutils_commands:/home/sohamk3901/mrta_ws/install/mrta_simulation/lib/python3.12/site-packages:${PYTHONPATH} /usr/bin/python3 -W ignore:setup.py install is deprecated -W ignore:easy_install command is deprecated setup.py egg_info --egg-base ../../build/mrta_simulation build --build-base /home/sohamk3901/mrta_ws/build/mrta_simulation/build install --record /home/sohamk3901/mrta_ws/build/mrta_simulation/install.log --single-version-externally-managed install_data
