[0.484s] Invoking command in '/home/sohamk3901/mrta_ws/src/mrta_simulation': PYTHONPATH=/home/sohamk3901/mrta_ws/build/mrta_simulation/prefix_override:/usr/lib/python3/dist-packages/colcon_core/task/python/colcon_distutils_commands:/home/sohamk3901/mrta_ws/install/mrta_simulation/lib/python3.12/site-packages:${PYTHONPATH} /usr/bin/python3 -W ignore:setup.py install is deprecated -W ignore:easy_install command is deprecated setup.py egg_info --egg-base ../../build/mrta_simulation build --build-base /home/sohamk3901/mrta_ws/build/mrta_simulation/build install --record /home/sohamk3901/mrta_ws/build/mrta_simulation/install.log --single-version-externally-managed install_data
[0.653s] running egg_info
[0.665s] writing ../../build/mrta_simulation/mrta_simulation.egg-info/PKG-INFO
[0.666s] writing dependency_links to ../../build/mrta_simulation/mrta_simulation.egg-info/dependency_links.txt
[0.666s] writing entry points to ../../build/mrta_simulation/mrta_simulation.egg-info/entry_points.txt
[0.666s] writing requirements to ../../build/mrta_simulation/mrta_simulation.egg-info/requires.txt
[0.666s] writing top-level names to ../../build/mrta_simulation/mrta_simulation.egg-info/top_level.txt
[0.690s] reading manifest file '../../build/mrta_simulation/mrta_simulation.egg-info/SOURCES.txt'
[0.690s] writing manifest file '../../build/mrta_simulation/mrta_simulation.egg-info/SOURCES.txt'
[0.690s] running build
[0.690s] running build_py
[0.691s] copying mrta_simulation/robot_controller_node.py -> /home/sohamk3901/mrta_ws/build/mrta_simulation/build/lib/mrta_simulation
[0.691s] running install
[0.695s] running install_lib
[0.706s] copying /home/sohamk3901/mrta_ws/build/mrta_simulation/build/lib/mrta_simulation/robot_controller_node.py -> /home/sohamk3901/mrta_ws/install/mrta_simulation/lib/python3.12/site-packages/mrta_simulation
[0.707s] byte-compiling /home/sohamk3901/mrta_ws/install/mrta_simulation/lib/python3.12/site-packages/mrta_simulation/robot_controller_node.py to robot_controller_node.cpython-312.pyc
[0.708s] running install_data
[0.709s] running install_egg_info
[0.722s] removing '/home/sohamk3901/mrta_ws/install/mrta_simulation/lib/python3.12/site-packages/mrta_simulation-0.0.1-py3.12.egg-info' (and everything under it)
[0.722s] Copying ../../build/mrta_simulation/mrta_simulation.egg-info to /home/sohamk3901/mrta_ws/install/mrta_simulation/lib/python3.12/site-packages/mrta_simulation-0.0.1-py3.12.egg-info
[0.723s] running install_scripts
[0.801s] Installing manual_task_commander script to /home/sohamk3901/mrta_ws/install/mrta_simulation/lib/mrta_simulation
[0.802s] Installing robot_controller script to /home/sohamk3901/mrta_ws/install/mrta_simulation/lib/mrta_simulation
[0.802s] Installing spawn_scenario script to /home/sohamk3901/mrta_ws/install/mrta_simulation/lib/mrta_simulation
[0.802s] writing list of installed files to '/home/sohamk3901/mrta_ws/build/mrta_simulation/install.log'
[0.819s] Invoked command in '/home/sohamk3901/mrta_ws/src/mrta_simulation' returned '0': PYTHONPATH=/home/sohamk3901/mrta_ws/build/mrta_simulation/prefix_override:/usr/lib/python3/dist-packages/colcon_core/task/python/colcon_distutils_commands:/home/sohamk3901/mrta_ws/install/mrta_simulation/lib/python3.12/site-packages:${PYTHONPATH} /usr/bin/python3 -W ignore:setup.py install is deprecated -W ignore:easy_install command is deprecated setup.py egg_info --egg-base ../../build/mrta_simulation build --build-base /home/sohamk3901/mrta_ws/build/mrta_simulation/build install --record /home/sohamk3901/mrta_ws/build/mrta_simulation/install.log --single-version-externally-managed install_data
