[0.491s] Invoking command in '/home/sohamk3901/mrta_ws/build/mrta_simulation': PYTHONPATH=/home/sohamk3901/mrta_ws/build/mrta_simulation/prefix_override:/usr/lib/python3/dist-packages/colcon_core/task/python/colcon_distutils_commands:/home/sohamk3901/mrta_ws/install/mrta_simulation/lib/python3.12/site-packages:${PYTHONPATH} /usr/bin/python3 -W ignore:setup.py install is deprecated -W ignore:easy_install command is deprecated setup.py develop --editable --build-directory /home/sohamk3901/mrta_ws/build/mrta_simulation/build --no-deps symlink_data
[0.672s] running develop
[0.789s] running egg_info
[0.789s] creating mrta_simulation.egg-info
[0.801s] writing mrta_simulation.egg-info/PKG-INFO
[0.801s] writing dependency_links to mrta_simulation.egg-info/dependency_links.txt
[0.801s] writing entry points to mrta_simulation.egg-info/entry_points.txt
[0.801s] writing requirements to mrta_simulation.egg-info/requires.txt
[0.801s] writing top-level names to mrta_simulation.egg-info/top_level.txt
[0.801s] writing manifest file 'mrta_simulation.egg-info/SOURCES.txt'
[0.825s] reading manifest file 'mrta_simulation.egg-info/SOURCES.txt'
[0.825s] writing manifest file 'mrta_simulation.egg-info/SOURCES.txt'
[0.838s] running build_ext
[0.838s] Creating /home/sohamk3901/mrta_ws/install/mrta_simulation/lib/python3.12/site-packages/mrta-simulation.egg-link (link to .)
[0.839s] Installing manual_task_commander script to /home/sohamk3901/mrta_ws/install/mrta_simulation/lib/mrta_simulation
[0.839s] Installing rl_task_allocator script to /home/sohamk3901/mrta_ws/install/mrta_simulation/lib/mrta_simulation
[0.839s] Installing robot_controller script to /home/sohamk3901/mrta_ws/install/mrta_simulation/lib/mrta_simulation
[0.839s] Installing spawn_scenario script to /home/sohamk3901/mrta_ws/install/mrta_simulation/lib/mrta_simulation
[0.839s] 
[0.839s] Installed /home/sohamk3901/mrta_ws/build/mrta_simulation
[0.839s] running symlink_data
[0.839s] creating /home/sohamk3901/mrta_ws/install/mrta_simulation/share/ament_index
[0.840s] creating /home/sohamk3901/mrta_ws/install/mrta_simulation/share/ament_index/resource_index
[0.840s] creating /home/sohamk3901/mrta_ws/install/mrta_simulation/share/ament_index/resource_index/packages
[0.840s] symbolically linking /home/sohamk3901/mrta_ws/build/mrta_simulation/resource/mrta_simulation -> /home/sohamk3901/mrta_ws/install/mrta_simulation/share/ament_index/resource_index/packages
[0.840s] symbolically linking /home/sohamk3901/mrta_ws/build/mrta_simulation/package.xml -> /home/sohamk3901/mrta_ws/install/mrta_simulation/share/mrta_simulation
[0.840s] creating /home/sohamk3901/mrta_ws/install/mrta_simulation/share/mrta_simulation/launch
[0.840s] symbolically linking /home/sohamk3901/mrta_ws/build/mrta_simulation/launch/robot_controllers.launch.py -> /home/sohamk3901/mrta_ws/install/mrta_simulation/share/mrta_simulation/launch
[0.840s] symbolically linking /home/sohamk3901/mrta_ws/build/mrta_simulation/launch/test_launch.py -> /home/sohamk3901/mrta_ws/install/mrta_simulation/share/mrta_simulation/launch
[0.840s] creating /home/sohamk3901/mrta_ws/install/mrta_simulation/share/mrta_simulation/worlds
[0.840s] symbolically linking /home/sohamk3901/mrta_ws/build/mrta_simulation/worlds/simple_world.sdf -> /home/sohamk3901/mrta_ws/install/mrta_simulation/share/mrta_simulation/worlds
[0.840s] symbolically linking /home/sohamk3901/mrta_ws/build/mrta_simulation/worlds/test_robot.sdf -> /home/sohamk3901/mrta_ws/install/mrta_simulation/share/mrta_simulation/worlds
[0.840s] creating /home/sohamk3901/mrta_ws/install/mrta_simulation/share/mrta_simulation/config
[0.841s] symbolically linking /home/sohamk3901/mrta_ws/build/mrta_simulation/config/scenario_simple.yaml -> /home/sohamk3901/mrta_ws/install/mrta_simulation/share/mrta_simulation/config
[0.841s] creating /home/sohamk3901/mrta_ws/install/mrta_simulation/share/mrta_simulation/models
[0.841s] creating /home/sohamk3901/mrta_ws/install/mrta_simulation/share/mrta_simulation/models/depot_marker
[0.841s] symbolically linking /home/sohamk3901/mrta_ws/build/mrta_simulation/models/depot_marker/model.config -> /home/sohamk3901/mrta_ws/install/mrta_simulation/share/mrta_simulation/models/depot_marker
[0.841s] symbolically linking /home/sohamk3901/mrta_ws/build/mrta_simulation/models/depot_marker/model.sdf -> /home/sohamk3901/mrta_ws/install/mrta_simulation/share/mrta_simulation/models/depot_marker
[0.841s] creating /home/sohamk3901/mrta_ws/install/mrta_simulation/share/mrta_simulation/models/task_marker
[0.841s] symbolically linking /home/sohamk3901/mrta_ws/build/mrta_simulation/models/task_marker/model.config -> /home/sohamk3901/mrta_ws/install/mrta_simulation/share/mrta_simulation/models/task_marker
[0.841s] symbolically linking /home/sohamk3901/mrta_ws/build/mrta_simulation/models/task_marker/model.sdf -> /home/sohamk3901/mrta_ws/install/mrta_simulation/share/mrta_simulation/models/task_marker
[0.841s] creating /home/sohamk3901/mrta_ws/install/mrta_simulation/share/mrta_simulation/models/simple_turtlebot
[0.841s] symbolically linking /home/sohamk3901/mrta_ws/build/mrta_simulation/models/simple_turtlebot/model.config -> /home/sohamk3901/mrta_ws/install/mrta_simulation/share/mrta_simulation/models/simple_turtlebot
[0.842s] symbolically linking /home/sohamk3901/mrta_ws/build/mrta_simulation/models/simple_turtlebot/model.sdf -> /home/sohamk3901/mrta_ws/install/mrta_simulation/share/mrta_simulation/models/simple_turtlebot
[0.842s] creating /home/sohamk3901/mrta_ws/install/mrta_simulation/share/mrta_simulation/models/simple_quadrotor
[0.842s] symbolically linking /home/sohamk3901/mrta_ws/build/mrta_simulation/models/simple_quadrotor/model.config -> /home/sohamk3901/mrta_ws/install/mrta_simulation/share/mrta_simulation/models/simple_quadrotor
[0.842s] symbolically linking /home/sohamk3901/mrta_ws/build/mrta_simulation/models/simple_quadrotor/model.sdf -> /home/sohamk3901/mrta_ws/install/mrta_simulation/share/mrta_simulation/models/simple_quadrotor
[0.842s] creating /home/sohamk3901/mrta_ws/install/mrta_simulation/share/mrta_simulation/models/short_obstacle
[0.842s] symbolically linking /home/sohamk3901/mrta_ws/build/mrta_simulation/models/short_obstacle/model.config -> /home/sohamk3901/mrta_ws/install/mrta_simulation/share/mrta_simulation/models/short_obstacle
[0.842s] symbolically linking /home/sohamk3901/mrta_ws/build/mrta_simulation/models/short_obstacle/model.sdf -> /home/sohamk3901/mrta_ws/install/mrta_simulation/share/mrta_simulation/models/short_obstacle
[0.842s] creating /home/sohamk3901/mrta_ws/install/mrta_simulation/share/mrta_simulation/models/tall_obstacle
[0.842s] symbolically linking /home/sohamk3901/mrta_ws/build/mrta_simulation/models/tall_obstacle/model.config -> /home/sohamk3901/mrta_ws/install/mrta_simulation/share/mrta_simulation/models/tall_obstacle
[0.842s] symbolically linking /home/sohamk3901/mrta_ws/build/mrta_simulation/models/tall_obstacle/model.sdf -> /home/sohamk3901/mrta_ws/install/mrta_simulation/share/mrta_simulation/models/tall_obstacle
[0.842s] creating /home/sohamk3901/mrta_ws/install/mrta_simulation/share/mrta_simulation/models/simple_turtlebot_red
[0.842s] symbolically linking /home/sohamk3901/mrta_ws/build/mrta_simulation/models/simple_turtlebot_red/model.config -> /home/sohamk3901/mrta_ws/install/mrta_simulation/share/mrta_simulation/models/simple_turtlebot_red
[0.842s] symbolically linking /home/sohamk3901/mrta_ws/build/mrta_simulation/models/simple_turtlebot_red/model.sdf -> /home/sohamk3901/mrta_ws/install/mrta_simulation/share/mrta_simulation/models/simple_turtlebot_red
[0.843s] creating /home/sohamk3901/mrta_ws/install/mrta_simulation/share/mrta_simulation/models/simple_turtlebot_blue
[0.843s] symbolically linking /home/sohamk3901/mrta_ws/build/mrta_simulation/models/simple_turtlebot_blue/model.config -> /home/sohamk3901/mrta_ws/install/mrta_simulation/share/mrta_simulation/models/simple_turtlebot_blue
[0.843s] symbolically linking /home/sohamk3901/mrta_ws/build/mrta_simulation/models/simple_turtlebot_blue/model.sdf -> /home/sohamk3901/mrta_ws/install/mrta_simulation/share/mrta_simulation/models/simple_turtlebot_blue
[0.843s] creating /home/sohamk3901/mrta_ws/install/mrta_simulation/share/mrta_simulation/models/simple_turtlebot_green
[0.843s] symbolically linking /home/sohamk3901/mrta_ws/build/mrta_simulation/models/simple_turtlebot_green/model.config -> /home/sohamk3901/mrta_ws/install/mrta_simulation/share/mrta_simulation/models/simple_turtlebot_green
[0.843s] symbolically linking /home/sohamk3901/mrta_ws/build/mrta_simulation/models/simple_turtlebot_green/model.sdf -> /home/sohamk3901/mrta_ws/install/mrta_simulation/share/mrta_simulation/models/simple_turtlebot_green
[0.861s] Invoked command in '/home/sohamk3901/mrta_ws/build/mrta_simulation' returned '0': PYTHONPATH=/home/sohamk3901/mrta_ws/build/mrta_simulation/prefix_override:/usr/lib/python3/dist-packages/colcon_core/task/python/colcon_distutils_commands:/home/sohamk3901/mrta_ws/install/mrta_simulation/lib/python3.12/site-packages:${PYTHONPATH} /usr/bin/python3 -W ignore:setup.py install is deprecated -W ignore:easy_install command is deprecated setup.py develop --editable --build-directory /home/sohamk3901/mrta_ws/build/mrta_simulation/build --no-deps symlink_data
