running egg_info
writing ../../build/mrta_simulation/mrta_simulation.egg-info/PKG-INFO
writing dependency_links to ../../build/mrta_simulation/mrta_simulation.egg-info/dependency_links.txt
writing entry points to ../../build/mrta_simulation/mrta_simulation.egg-info/entry_points.txt
writing requirements to ../../build/mrta_simulation/mrta_simulation.egg-info/requires.txt
writing top-level names to ../../build/mrta_simulation/mrta_simulation.egg-info/top_level.txt
reading manifest file '../../build/mrta_simulation/mrta_simulation.egg-info/SOURCES.txt'
writing manifest file '../../build/mrta_simulation/mrta_simulation.egg-info/SOURCES.txt'
running build
running build_py
copying mrta_simulation/scenario_spawner.py -> /home/sohamk3901/mrta_ws/build/mrta_simulation/build/lib/mrta_simulation
running install
running install_lib
copying /home/sohamk3901/mrta_ws/build/mrta_simulation/build/lib/mrta_simulation/scenario_spawner.py -> /home/sohamk3901/mrta_ws/install/mrta_simulation/lib/python3.12/site-packages/mrta_simulation
byte-compiling /home/sohamk3901/mrta_ws/install/mrta_simulation/lib/python3.12/site-packages/mrta_simulation/scenario_spawner.py to scenario_spawner.cpython-312.pyc
running install_data
copying launch/robot_controllers.launch.py -> /home/sohamk3901/mrta_ws/install/mrta_simulation/share/mrta_simulation/launch
copying launch/test_launch.py -> /home/sohamk3901/mrta_ws/install/mrta_simulation/share/mrta_simulation/launch
copying models/simple_turtlebot/model.sdf -> /home/sohamk3901/mrta_ws/install/mrta_simulation/share/mrta_simulation/models/simple_turtlebot
copying models/simple_quadrotor/model.sdf -> /home/sohamk3901/mrta_ws/install/mrta_simulation/share/mrta_simulation/models/simple_quadrotor
running install_egg_info
removing '/home/sohamk3901/mrta_ws/install/mrta_simulation/lib/python3.12/site-packages/mrta_simulation-0.0.1-py3.12.egg-info' (and everything under it)
Copying ../../build/mrta_simulation/mrta_simulation.egg-info to /home/sohamk3901/mrta_ws/install/mrta_simulation/lib/python3.12/site-packages/mrta_simulation-0.0.1-py3.12.egg-info
running install_scripts
Installing manual_task_commander script to /home/sohamk3901/mrta_ws/install/mrta_simulation/lib/mrta_simulation
Installing robot_controller script to /home/sohamk3901/mrta_ws/install/mrta_simulation/lib/mrta_simulation
Installing spawn_scenario script to /home/sohamk3901/mrta_ws/install/mrta_simulation/lib/mrta_simulation
writing list of installed files to '/home/sohamk3901/mrta_ws/build/mrta_simulation/install.log'
