[0.578s] Invoking command in '/home/sohamk3901/mrta_ws/src/mrta_simulation': PYTHONPATH=/home/sohamk3901/mrta_ws/build/mrta_simulation/prefix_override:/usr/lib/python3/dist-packages/colcon_core/task/python/colcon_distutils_commands:/home/sohamk3901/mrta_ws/install/mrta_simulation/lib/python3.12/site-packages:${PYTHONPATH} /usr/bin/python3 -W ignore:setup.py install is deprecated -W ignore:easy_install command is deprecated setup.py egg_info --egg-base ../../build/mrta_simulation build --build-base /home/sohamk3901/mrta_ws/build/mrta_simulation/build install --record /home/sohamk3901/mrta_ws/build/mrta_simulation/install.log --single-version-externally-managed install_data
[0.744s] running egg_info
[0.755s] writing ../../build/mrta_simulation/mrta_simulation.egg-info/PKG-INFO
[0.755s] writing dependency_links to ../../build/mrta_simulation/mrta_simulation.egg-info/dependency_links.txt
[0.755s] writing entry points to ../../build/mrta_simulation/mrta_simulation.egg-info/entry_points.txt
[0.755s] writing requirements to ../../build/mrta_simulation/mrta_simulation.egg-info/requires.txt
[0.755s] writing top-level names to ../../build/mrta_simulation/mrta_simulation.egg-info/top_level.txt
[0.779s] reading manifest file '../../build/mrta_simulation/mrta_simulation.egg-info/SOURCES.txt'
[0.779s] writing manifest file '../../build/mrta_simulation/mrta_simulation.egg-info/SOURCES.txt'
[0.780s] running build
[0.780s] running build_py
[0.780s] copying mrta_simulation/robot_controller_node.py -> /home/sohamk3901/mrta_ws/build/mrta_simulation/build/lib/mrta_simulation
[0.780s] copying mrta_simulation/manual_task_commander.py -> /home/sohamk3901/mrta_ws/build/mrta_simulation/build/lib/mrta_simulation
[0.780s] copying mrta_simulation/potential_field_controller.py -> /home/sohamk3901/mrta_ws/build/mrta_simulation/build/lib/mrta_simulation
[0.780s] running install
[0.784s] running install_lib
[0.795s] copying /home/sohamk3901/mrta_ws/build/mrta_simulation/build/lib/mrta_simulation/robot_controller_node.py -> /home/sohamk3901/mrta_ws/install/mrta_simulation/lib/python3.12/site-packages/mrta_simulation
[0.795s] copying /home/sohamk3901/mrta_ws/build/mrta_simulation/build/lib/mrta_simulation/manual_task_commander.py -> /home/sohamk3901/mrta_ws/install/mrta_simulation/lib/python3.12/site-packages/mrta_simulation
[0.795s] copying /home/sohamk3901/mrta_ws/build/mrta_simulation/build/lib/mrta_simulation/potential_field_controller.py -> /home/sohamk3901/mrta_ws/install/mrta_simulation/lib/python3.12/site-packages/mrta_simulation
[0.796s] byte-compiling /home/sohamk3901/mrta_ws/install/mrta_simulation/lib/python3.12/site-packages/mrta_simulation/robot_controller_node.py to robot_controller_node.cpython-312.pyc
[0.797s] byte-compiling /home/sohamk3901/mrta_ws/install/mrta_simulation/lib/python3.12/site-packages/mrta_simulation/manual_task_commander.py to manual_task_commander.cpython-312.pyc
[0.798s] byte-compiling /home/sohamk3901/mrta_ws/install/mrta_simulation/lib/python3.12/site-packages/mrta_simulation/potential_field_controller.py to potential_field_controller.cpython-312.pyc
[0.799s] running install_data
[0.799s] running install_egg_info
[0.811s] removing '/home/sohamk3901/mrta_ws/install/mrta_simulation/lib/python3.12/site-packages/mrta_simulation-0.0.1-py3.12.egg-info' (and everything under it)
[0.812s] Copying ../../build/mrta_simulation/mrta_simulation.egg-info to /home/sohamk3901/mrta_ws/install/mrta_simulation/lib/python3.12/site-packages/mrta_simulation-0.0.1-py3.12.egg-info
[0.812s] running install_scripts
[0.892s] Installing manual_task_commander script to /home/sohamk3901/mrta_ws/install/mrta_simulation/lib/mrta_simulation
[0.892s] Installing robot_controller script to /home/sohamk3901/mrta_ws/install/mrta_simulation/lib/mrta_simulation
[0.893s] Installing spawn_scenario script to /home/sohamk3901/mrta_ws/install/mrta_simulation/lib/mrta_simulation
[0.894s] writing list of installed files to '/home/sohamk3901/mrta_ws/build/mrta_simulation/install.log'
[0.909s] Invoked command in '/home/sohamk3901/mrta_ws/src/mrta_simulation' returned '0': PYTHONPATH=/home/sohamk3901/mrta_ws/build/mrta_simulation/prefix_override:/usr/lib/python3/dist-packages/colcon_core/task/python/colcon_distutils_commands:/home/sohamk3901/mrta_ws/install/mrta_simulation/lib/python3.12/site-packages:${PYTHONPATH} /usr/bin/python3 -W ignore:setup.py install is deprecated -W ignore:easy_install command is deprecated setup.py egg_info --egg-base ../../build/mrta_simulation build --build-base /home/sohamk3901/mrta_ws/build/mrta_simulation/build install --record /home/sohamk3901/mrta_ws/build/mrta_simulation/install.log --single-version-externally-managed install_data
