[1.216s] Invoking command in '/home/sohamk3901/mrta_ws/src/mrta_simulation': PYTHONPATH=/home/sohamk3901/mrta_ws/build/mrta_simulation/prefix_override:/usr/lib/python3/dist-packages/colcon_core/task/python/colcon_distutils_commands:/home/sohamk3901/mrta_ws/install/mrta_simulation/lib/python3.12/site-packages:${PYTHONPATH} /usr/bin/python3 -W ignore:setup.py install is deprecated -W ignore:easy_install command is deprecated setup.py egg_info --egg-base ../../build/mrta_simulation build --build-base /home/sohamk3901/mrta_ws/build/mrta_simulation/build install --record /home/sohamk3901/mrta_ws/build/mrta_simulation/install.log --single-version-externally-managed install_data
[1.387s] running egg_info
[1.398s] writing ../../build/mrta_simulation/mrta_simulation.egg-info/PKG-INFO
[1.401s] writing dependency_links to ../../build/mrta_simulation/mrta_simulation.egg-info/dependency_links.txt
[1.401s] writing entry points to ../../build/mrta_simulation/mrta_simulation.egg-info/entry_points.txt
[1.401s] writing requirements to ../../build/mrta_simulation/mrta_simulation.egg-info/requires.txt
[1.402s] writing top-level names to ../../build/mrta_simulation/mrta_simulation.egg-info/top_level.txt
[1.432s] reading manifest file '../../build/mrta_simulation/mrta_simulation.egg-info/SOURCES.txt'
[1.433s] writing manifest file '../../build/mrta_simulation/mrta_simulation.egg-info/SOURCES.txt'
[1.434s] running build
[1.434s] running build_py
[1.434s] copying mrta_simulation/robot_controller_node.py -> /home/sohamk3901/mrta_ws/build/mrta_simulation/build/lib/mrta_simulation
[1.434s] copying mrta_simulation/manual_task_commander.py -> /home/sohamk3901/mrta_ws/build/mrta_simulation/build/lib/mrta_simulation
[1.434s] copying mrta_simulation/potential_field_controller.py -> /home/sohamk3901/mrta_ws/build/mrta_simulation/build/lib/mrta_simulation
[1.435s] running install
[1.438s] running install_lib
[1.452s] copying /home/sohamk3901/mrta_ws/build/mrta_simulation/build/lib/mrta_simulation/robot_controller_node.py -> /home/sohamk3901/mrta_ws/install/mrta_simulation/lib/python3.12/site-packages/mrta_simulation
[1.452s] copying /home/sohamk3901/mrta_ws/build/mrta_simulation/build/lib/mrta_simulation/manual_task_commander.py -> /home/sohamk3901/mrta_ws/install/mrta_simulation/lib/python3.12/site-packages/mrta_simulation
[1.452s] copying /home/sohamk3901/mrta_ws/build/mrta_simulation/build/lib/mrta_simulation/potential_field_controller.py -> /home/sohamk3901/mrta_ws/install/mrta_simulation/lib/python3.12/site-packages/mrta_simulation
[1.452s] byte-compiling /home/sohamk3901/mrta_ws/install/mrta_simulation/lib/python3.12/site-packages/mrta_simulation/robot_controller_node.py to robot_controller_node.cpython-312.pyc
[1.454s] byte-compiling /home/sohamk3901/mrta_ws/install/mrta_simulation/lib/python3.12/site-packages/mrta_simulation/manual_task_commander.py to manual_task_commander.cpython-312.pyc
[1.455s]   File "/home/sohamk3901/mrta_ws/install/mrta_simulation/lib/python3.12/site-packages/mrta_simulation/manual_task_commander.py", line 52
[1.455s]     self.get_logger().info(f'Loaded {len(self.robots)} robots and {len{self.tasks}} tasks')
[1.455s]                                                                    ^^^^^^^^^^^^^^^
[1.455s] SyntaxError: invalid syntax. Perhaps you forgot a comma?
[1.455s] 
[1.455s] byte-compiling /home/sohamk3901/mrta_ws/install/mrta_simulation/lib/python3.12/site-packages/mrta_simulation/potential_field_controller.py to potential_field_controller.cpython-312.pyc
[1.455s]   File "/home/sohamk3901/mrta_ws/install/mrta_simulation/lib/python3.12/site-packages/mrta_simulation/potential_field_controller.py", line 120
[1.455s]     def create_twist_msg(self, velocity_2d, is_aerial=False)
[1.455s]                                                             ^
[1.455s] SyntaxError: expected ':'
[1.456s] 
[1.456s] running install_data
[1.456s] copying models/depot_marker/model.sdf -> /home/sohamk3901/mrta_ws/install/mrta_simulation/share/mrta_simulation/models/depot_marker
[1.457s] running install_egg_info
[1.470s] removing '/home/sohamk3901/mrta_ws/install/mrta_simulation/lib/python3.12/site-packages/mrta_simulation-0.0.1-py3.12.egg-info' (and everything under it)
[1.470s] Copying ../../build/mrta_simulation/mrta_simulation.egg-info to /home/sohamk3901/mrta_ws/install/mrta_simulation/lib/python3.12/site-packages/mrta_simulation-0.0.1-py3.12.egg-info
[1.472s] running install_scripts
[1.559s] Installing manual_task_commander script to /home/sohamk3901/mrta_ws/install/mrta_simulation/lib/mrta_simulation
[1.560s] Installing robot_controller script to /home/sohamk3901/mrta_ws/install/mrta_simulation/lib/mrta_simulation
[1.560s] Installing spawn_scenario script to /home/sohamk3901/mrta_ws/install/mrta_simulation/lib/mrta_simulation
[1.560s] writing list of installed files to '/home/sohamk3901/mrta_ws/build/mrta_simulation/install.log'
[1.581s] Invoked command in '/home/sohamk3901/mrta_ws/src/mrta_simulation' returned '0': PYTHONPATH=/home/sohamk3901/mrta_ws/build/mrta_simulation/prefix_override:/usr/lib/python3/dist-packages/colcon_core/task/python/colcon_distutils_commands:/home/sohamk3901/mrta_ws/install/mrta_simulation/lib/python3.12/site-packages:${PYTHONPATH} /usr/bin/python3 -W ignore:setup.py install is deprecated -W ignore:easy_install command is deprecated setup.py egg_info --egg-base ../../build/mrta_simulation build --build-base /home/sohamk3901/mrta_ws/build/mrta_simulation/build install --record /home/sohamk3901/mrta_ws/build/mrta_simulation/install.log --single-version-externally-managed install_data
