[0.473s] Invoking command in '/home/sohamk3901/mrta_ws/build/mrta_simulation': PYTHONPATH=/home/sohamk3901/mrta_ws/build/mrta_simulation/prefix_override:/usr/lib/python3/dist-packages/colcon_core/task/python/colcon_distutils_commands:/home/sohamk3901/mrta_ws/install/mrta_simulation/lib/python3.12/site-packages:${PYTHONPATH} /usr/bin/python3 -W ignore:setup.py install is deprecated -W ignore:easy_install command is deprecated setup.py develop --editable --build-directory /home/sohamk3901/mrta_ws/build/mrta_simulation/build --no-deps symlink_data
[0.658s] running develop
[0.775s] running egg_info
[0.786s] writing mrta_simulation.egg-info/PKG-INFO
[0.786s] writing dependency_links to mrta_simulation.egg-info/dependency_links.txt
[0.786s] writing entry points to mrta_simulation.egg-info/entry_points.txt
[0.786s] writing requirements to mrta_simulation.egg-info/requires.txt
[0.786s] writing top-level names to mrta_simulation.egg-info/top_level.txt
[0.808s] reading manifest file 'mrta_simulation.egg-info/SOURCES.txt'
[0.809s] writing manifest file 'mrta_simulation.egg-info/SOURCES.txt'
[0.822s] running build_ext
[0.822s] Creating /home/sohamk3901/mrta_ws/install/mrta_simulation/lib/python3.12/site-packages/mrta-simulation.egg-link (link to .)
[0.823s] Installing manual_task_commander script to /home/sohamk3901/mrta_ws/install/mrta_simulation/lib/mrta_simulation
[0.823s] Installing rl_task_allocator script to /home/sohamk3901/mrta_ws/install/mrta_simulation/lib/mrta_simulation
[0.823s] Installing robot_controller script to /home/sohamk3901/mrta_ws/install/mrta_simulation/lib/mrta_simulation
[0.824s] Installing spawn_scenario script to /home/sohamk3901/mrta_ws/install/mrta_simulation/lib/mrta_simulation
[0.824s] 
[0.824s] Installed /home/sohamk3901/mrta_ws/build/mrta_simulation
[0.824s] running symlink_data
[0.845s] Invoked command in '/home/sohamk3901/mrta_ws/build/mrta_simulation' returned '0': PYTHONPATH=/home/sohamk3901/mrta_ws/build/mrta_simulation/prefix_override:/usr/lib/python3/dist-packages/colcon_core/task/python/colcon_distutils_commands:/home/sohamk3901/mrta_ws/install/mrta_simulation/lib/python3.12/site-packages:${PYTHONPATH} /usr/bin/python3 -W ignore:setup.py install is deprecated -W ignore:easy_install command is deprecated setup.py develop --editable --build-directory /home/sohamk3901/mrta_ws/build/mrta_simulation/build --no-deps symlink_data
