/home/sohamk3901/mrta_ws/install/mrta_simulation/lib/python3.12/site-packages/mrta_simulation/robot_controller_node.py
/home/sohamk3901/mrta_ws/install/mrta_simulation/lib/python3.12/site-packages/mrta_simulation/__init__.py
/home/sohamk3901/mrta_ws/install/mrta_simulation/lib/python3.12/site-packages/mrta_simulation/scenario_spawner.py
/home/sohamk3901/mrta_ws/install/mrta_simulation/lib/python3.12/site-packages/mrta_simulation/manual_task_commander.py
/home/sohamk3901/mrta_ws/install/mrta_simulation/lib/python3.12/site-packages/mrta_simulation/potential_field_controller.py
/home/sohamk3901/mrta_ws/install/mrta_simulation/lib/python3.12/site-packages/mrta_simulation/manual_task_commander2.py
/home/sohamk3901/mrta_ws/install/mrta_simulation/lib/python3.12/site-packages/mrta_simulation/__pycache__/robot_controller_node.cpython-312.pyc
/home/sohamk3901/mrta_ws/install/mrta_simulation/lib/python3.12/site-packages/mrta_simulation/__pycache__/__init__.cpython-312.pyc
/home/sohamk3901/mrta_ws/install/mrta_simulation/lib/python3.12/site-packages/mrta_simulation/__pycache__/scenario_spawner.cpython-312.pyc
/home/sohamk3901/mrta_ws/install/mrta_simulation/lib/python3.12/site-packages/mrta_simulation/__pycache__/manual_task_commander.cpython-312.pyc
/home/sohamk3901/mrta_ws/install/mrta_simulation/lib/python3.12/site-packages/mrta_simulation/__pycache__/potential_field_controller.cpython-312.pyc
/home/sohamk3901/mrta_ws/install/mrta_simulation/lib/python3.12/site-packages/mrta_simulation/__pycache__/manual_task_commander2.cpython-312.pyc
/home/sohamk3901/mrta_ws/install/mrta_simulation/share/ament_index/resource_index/packages/mrta_simulation
/home/sohamk3901/mrta_ws/install/mrta_simulation/share/mrta_simulation/package.xml
/home/sohamk3901/mrta_ws/install/mrta_simulation/share/mrta_simulation/launch/robot_controllers.launch.py
/home/sohamk3901/mrta_ws/install/mrta_simulation/share/mrta_simulation/launch/test_launch.py
/home/sohamk3901/mrta_ws/install/mrta_simulation/share/mrta_simulation/worlds/simple_world.sdf
/home/sohamk3901/mrta_ws/install/mrta_simulation/share/mrta_simulation/worlds/test_robot.sdf
/home/sohamk3901/mrta_ws/install/mrta_simulation/share/mrta_simulation/config/scenario_simple.yaml
/home/sohamk3901/mrta_ws/install/mrta_simulation/share/mrta_simulation/models/depot_marker/model.config
/home/sohamk3901/mrta_ws/install/mrta_simulation/share/mrta_simulation/models/depot_marker/model.sdf
/home/sohamk3901/mrta_ws/install/mrta_simulation/share/mrta_simulation/models/task_marker/model.config
/home/sohamk3901/mrta_ws/install/mrta_simulation/share/mrta_simulation/models/task_marker/model.sdf
/home/sohamk3901/mrta_ws/install/mrta_simulation/share/mrta_simulation/models/simple_turtlebot/model.config
/home/sohamk3901/mrta_ws/install/mrta_simulation/share/mrta_simulation/models/simple_turtlebot/model.sdf
/home/sohamk3901/mrta_ws/install/mrta_simulation/share/mrta_simulation/models/simple_quadrotor/model.config
/home/sohamk3901/mrta_ws/install/mrta_simulation/share/mrta_simulation/models/simple_quadrotor/model.sdf
/home/sohamk3901/mrta_ws/install/mrta_simulation/share/mrta_simulation/models/short_obstacle/model.config
/home/sohamk3901/mrta_ws/install/mrta_simulation/share/mrta_simulation/models/short_obstacle/model.sdf
/home/sohamk3901/mrta_ws/install/mrta_simulation/share/mrta_simulation/models/tall_obstacle/model.config
/home/sohamk3901/mrta_ws/install/mrta_simulation/share/mrta_simulation/models/tall_obstacle/model.sdf
/home/sohamk3901/mrta_ws/install/mrta_simulation/lib/python3.12/site-packages/mrta_simulation-0.0.1-py3.12.egg-info/zip-safe
/home/sohamk3901/mrta_ws/install/mrta_simulation/lib/python3.12/site-packages/mrta_simulation-0.0.1-py3.12.egg-info/requires.txt
/home/sohamk3901/mrta_ws/install/mrta_simulation/lib/python3.12/site-packages/mrta_simulation-0.0.1-py3.12.egg-info/entry_points.txt
/home/sohamk3901/mrta_ws/install/mrta_simulation/lib/python3.12/site-packages/mrta_simulation-0.0.1-py3.12.egg-info/SOURCES.txt
/home/sohamk3901/mrta_ws/install/mrta_simulation/lib/python3.12/site-packages/mrta_simulation-0.0.1-py3.12.egg-info/dependency_links.txt
/home/sohamk3901/mrta_ws/install/mrta_simulation/lib/python3.12/site-packages/mrta_simulation-0.0.1-py3.12.egg-info/top_level.txt
/home/sohamk3901/mrta_ws/install/mrta_simulation/lib/python3.12/site-packages/mrta_simulation-0.0.1-py3.12.egg-info/PKG-INFO
/home/sohamk3901/mrta_ws/install/mrta_simulation/lib/mrta_simulation/manual_task_commander
/home/sohamk3901/mrta_ws/install/mrta_simulation/lib/mrta_simulation/robot_controller
/home/sohamk3901/mrta_ws/install/mrta_simulation/lib/mrta_simulation/spawn_scenario
