[0.749s] Invoking command in '/home/sohamk3901/mrta_ws/src/mrta_simulation': PYTHONPATH=/home/sohamk3901/mrta_ws/build/mrta_simulation/prefix_override:/usr/lib/python3/dist-packages/colcon_core/task/python/colcon_distutils_commands:/home/sohamk3901/mrta_ws/install/mrta_simulation/lib/python3.12/site-packages:${PYTHONPATH} /usr/bin/python3 -W ignore:setup.py install is deprecated -W ignore:easy_install command is deprecated setup.py egg_info --egg-base ../../build/mrta_simulation build --build-base /home/sohamk3901/mrta_ws/build/mrta_simulation/build install --record /home/sohamk3901/mrta_ws/build/mrta_simulation/install.log --single-version-externally-managed install_data
[0.894s] running egg_info
[0.905s] writing ../../build/mrta_simulation/mrta_simulation.egg-info/PKG-INFO
[0.905s] writing dependency_links to ../../build/mrta_simulation/mrta_simulation.egg-info/dependency_links.txt
[0.905s] writing entry points to ../../build/mrta_simulation/mrta_simulation.egg-info/entry_points.txt
[0.905s] writing requirements to ../../build/mrta_simulation/mrta_simulation.egg-info/requires.txt
[0.906s] writing top-level names to ../../build/mrta_simulation/mrta_simulation.egg-info/top_level.txt
[0.930s] reading manifest file '../../build/mrta_simulation/mrta_simulation.egg-info/SOURCES.txt'
[0.931s] writing manifest file '../../build/mrta_simulation/mrta_simulation.egg-info/SOURCES.txt'
[0.931s] running build
[0.931s] running build_py
[0.932s] copying mrta_simulation/scenario_spawner.py -> /home/sohamk3901/mrta_ws/build/mrta_simulation/build/lib/mrta_simulation
[0.932s] copying mrta_simulation/field_based_controller.py -> /home/sohamk3901/mrta_ws/build/mrta_simulation/build/lib/mrta_simulation
[0.932s] running install
[0.936s] running install_lib
[0.946s] copying /home/sohamk3901/mrta_ws/build/mrta_simulation/build/lib/mrta_simulation/scenario_spawner.py -> /home/sohamk3901/mrta_ws/install/mrta_simulation/lib/python3.12/site-packages/mrta_simulation
[0.947s] copying /home/sohamk3901/mrta_ws/build/mrta_simulation/build/lib/mrta_simulation/field_based_controller.py -> /home/sohamk3901/mrta_ws/install/mrta_simulation/lib/python3.12/site-packages/mrta_simulation
[0.947s] byte-compiling /home/sohamk3901/mrta_ws/install/mrta_simulation/lib/python3.12/site-packages/mrta_simulation/scenario_spawner.py to scenario_spawner.cpython-312.pyc
[0.948s] byte-compiling /home/sohamk3901/mrta_ws/install/mrta_simulation/lib/python3.12/site-packages/mrta_simulation/field_based_controller.py to field_based_controller.cpython-312.pyc
[0.949s] running install_data
[0.949s] copying launch/test_launch.py -> /home/sohamk3901/mrta_ws/install/mrta_simulation/share/mrta_simulation/launch
[0.949s] copying config/scenario_simple.yaml -> /home/sohamk3901/mrta_ws/install/mrta_simulation/share/mrta_simulation/config
[0.950s] copying models/depot_marker/model.sdf -> /home/sohamk3901/mrta_ws/install/mrta_simulation/share/mrta_simulation/models/depot_marker
[0.951s] running install_egg_info
[0.963s] removing '/home/sohamk3901/mrta_ws/install/mrta_simulation/lib/python3.12/site-packages/mrta_simulation-0.0.1-py3.12.egg-info' (and everything under it)
[0.964s] Copying ../../build/mrta_simulation/mrta_simulation.egg-info to /home/sohamk3901/mrta_ws/install/mrta_simulation/lib/python3.12/site-packages/mrta_simulation-0.0.1-py3.12.egg-info
[0.965s] running install_scripts
[1.035s] Installing spawn_scenario script to /home/sohamk3901/mrta_ws/install/mrta_simulation/lib/mrta_simulation
[1.036s] writing list of installed files to '/home/sohamk3901/mrta_ws/build/mrta_simulation/install.log'
[1.050s] Invoked command in '/home/sohamk3901/mrta_ws/src/mrta_simulation' returned '0': PYTHONPATH=/home/sohamk3901/mrta_ws/build/mrta_simulation/prefix_override:/usr/lib/python3/dist-packages/colcon_core/task/python/colcon_distutils_commands:/home/sohamk3901/mrta_ws/install/mrta_simulation/lib/python3.12/site-packages:${PYTHONPATH} /usr/bin/python3 -W ignore:setup.py install is deprecated -W ignore:easy_install command is deprecated setup.py egg_info --egg-base ../../build/mrta_simulation build --build-base /home/sohamk3901/mrta_ws/build/mrta_simulation/build install --record /home/sohamk3901/mrta_ws/build/mrta_simulation/install.log --single-version-externally-managed install_data
